2022-12-03 22:33:32,858 file.manager INFO 2.0.0
2022-12-03 22:33:32,858 file.manager INFO Copyright (C) 2003-2022, Noriaki Ando and OpenRTM development team,
2022-12-03 22:33:32,858 file.manager INFO   Intelligent Systems Research Institute, AIST,
2022-12-03 22:33:32,858 file.manager INFO Copyright (C) 2022, Noriaki Ando and OpenRTM development team,
2022-12-03 22:33:32,858 file.manager INFO   Industrial Cyber-Physical Research Center, AIST,
2022-12-03 22:33:32,858 file.manager INFO   All right reserved.
2022-12-03 22:33:32,858 file.manager INFO Manager starting.
2022-12-03 22:33:32,858 file.manager INFO Starting local logging.
2022-12-03 22:33:32,863 file.manager.namingmanager INFO NameServer connection succeeded: corba/localhost
2022-12-03 22:33:36,929 file.ManagerServant INFO Master manager not found
2022-12-03 22:33:36,929 file.LocalServiceAdmin INFO All the local services are enabled.
2022-12-03 22:33:36,934 file.manager INFO Component type conf file: result_out.conf loaded.
2022-12-03 22:33:36,935 file.ec_base INFO setRate(1000000.000000) done
2022-12-03 22:33:36,935 file.ec_base INFO setRate(1000.000000) done
2022-12-03 22:33:36,935 file.rtobject INFO 1 execution context was created.
2022-12-03 22:33:36,937 file.rtobject INFO Initial active configuration set is default.
2022-12-03 22:33:51,075 file.ManagerServant INFO Master manager not found
2022-12-03 22:34:01,180 file.ManagerServant INFO Master manager not found
2022-12-03 22:34:11,294 file.ManagerServant INFO Master manager not found
2022-12-03 22:34:19,097 file.SdoServiceAdmin WARNING No available SDO service in the factory: 
2022-12-03 22:34:19,097 file.SdoServiceAdmin ERROR type  not exists.
2022-12-03 22:34:21,284 file.ManagerServant INFO Master manager not found
2022-12-03 22:34:31,369 file.ManagerServant INFO Master manager not found
2022-12-03 22:34:37,222 file.ec_base WARNING The component is not responding.
2022-12-03 22:34:37,222 file.ec_base ERROR Unknown error: Invalid state transition.
2022-12-03 22:34:41,480 file.ManagerServant INFO Master manager not found
2022-12-03 22:34:51,532 file.ManagerServant INFO Master manager not found
2022-12-03 22:35:01,613 file.ManagerServant INFO Master manager not found
2022-12-03 22:35:11,719 file.ManagerServant INFO Master manager not found
2022-12-03 22:35:21,844 file.ManagerServant INFO Master manager not found
2022-12-03 22:35:31,838 file.ManagerServant INFO Master manager not found
